<?xml version="1.0" encoding="utf-8" standalone="no"?>
<!--This file represents the results of running a test suite-->
<test-results name="C:\Users\weizhe.jiao\Documents\Visual Studio 2010\Projects\WebApp7\TestClassLibrary1\bin\Debug\TestClassLibrary1.dll" total="1" errors="1" failures="0" not-run="0" inconclusive="0" ignored="0" skipped="0" invalid="0" date="2011-03-17" time="15:30:41">
  <environment nunit-version="2.5.9.10348" clr-version="2.0.50727.4952" os-version="Microsoft Windows NT 6.1.7600.0" platform="Win32NT" cwd="C:\Program Files\NUnit 2.5.9\bin\net-2.0" machine-name="NATRIUM" user="weizhe.jiao" user-domain="DIRECTANNONCES" />
  <culture-info current-culture="fr-FR" current-uiculture="fr-FR" />
  <test-suite type="Assembly" name="C:\Users\weizhe.jiao\Documents\Visual Studio 2010\Projects\WebApp7\TestClassLibrary1\bin\Debug\TestClassLibrary1.dll" executed="False" result="Cancelled">
    <results>
      <test-suite type="Namespace" name="TestClassLibrary1" executed="False" result="Cancelled">
        <results>
          <test-suite type="TestFixture" name="GuestBookTest" executed="False" result="Cancelled">
            <results>
              <test-case name="TestClassLibrary1.GuestBookTest.TestLayout" executed="False" result="Cancelled">
                <failure>
                  <message><![CDATA[Test cancelled by user]]></message>
                  <stack-trace><![CDATA[at System.RuntimeMethodHandle._InvokeMethodFast(IRuntimeMethodInfo method, Object target, Object[] arguments, SignatureStruct& sig, MethodAttributes methodAttributes, RuntimeType typeOwner)
at System.RuntimeMethodHandle.InvokeMethodFast(IRuntimeMethodInfo method, Object target, Object[] arguments, Signature sig, MethodAttributes methodAttributes, RuntimeType typeOwner)
at System.Reflection.RuntimeMethodInfo.Invoke(Object obj, BindingFlags invokeAttr, Binder binder, Object[] parameters, CultureInfo culture, Boolean skipVisibilityChecks)
at System.Reflection.RuntimeMethodInfo.Invoke(Object obj, BindingFlags invokeAttr, Binder binder, Object[] parameters, CultureInfo culture)
at NUnit.Core.Reflect.InvokeMethod(MethodInfo method, Object fixture, Object[] args)
at NUnit.Core.TestMethod.RunTestMethod(TestResult testResult)
at NUnit.Core.TestMethod.RunTestCase(TestResult testResult)
]]></stack-trace>
                </failure>
              </test-case>
            </results>
          </test-suite>
        </results>
      </test-suite>
    </results>
  </test-suite>
</test-results>