<?xml version="1.0" encoding="UTF-8"?>
<TestRun id="df91e024-d7e1-48ab-946e-f9478045c7ca" name="weizhe.jiao@NATRIUM 2011-03-17 15:32:59" runUser="DIRECTANNONCES\weizhe.jiao" xmlns="http://microsoft.com/schemas/VisualStudio/TeamTest/2010">
  <TestSettings name="Local" id="525bc1d8-9f20-4811-98aa-da98816294e7">
    <Description>These are default test settings for a local test run.</Description>
    <Deployment enabled="false" runDeploymentRoot="weizhe.jiao_NATRIUM 2011-03-17 15_32_59" />
    <Execution>
      <TestTypeSpecific />
      <AgentRule name="Execution Agents">
      </AgentRule>
    </Execution>
  </TestSettings>
  <Times creation="2011-03-17T15:32:59.9736839+01:00" queuing="2011-03-17T15:33:00.0006866+01:00" start="2011-03-17T15:33:00.2397105+01:00" finish="2011-03-17T15:33:00.5027368+01:00" />
  <ResultSummary outcome="Completed">
    <Counters total="1" executed="1" passed="1" error="0" failed="0" timeout="0" aborted="0" inconclusive="0" passedButRunAborted="0" notRunnable="0" notExecuted="0" disconnected="0" warning="0" completed="0" inProgress="0" pending="0" />
  </ResultSummary>
  <TestDefinitions>
    <UnitTest name="TestMethod1" storage="c:\users\weizhe.jiao\documents\visual studio 2010\projects\webapp7\testproject3\bin\debug\testproject3.dll" id="e3a2c13b-5190-2e64-74fc-263ee55f1267">
      <Execution id="2c3ab65d-5408-4a35-b3a1-2404653c5c3a" />
      <TestMethod codeBase="C:/Users/weizhe.jiao/documents/visual studio 2010/Projects/WebApp7/TestProject3/bin/Debug/TestProject3.DLL" adapterTypeName="Microsoft.VisualStudio.TestTools.TestTypes.Unit.UnitTestAdapter, Microsoft.VisualStudio.QualityTools.Tips.UnitTest.Adapter, Version=10.0.0.0, Culture=neutral, PublicKeyToken=b03f5f7f11d50a3a" className="TestProject3.UnitTest1, TestProject3, Version=1.0.0.0, Culture=neutral, PublicKeyToken=null" name="TestMethod1" />
    </UnitTest>
  </TestDefinitions>
  <TestLists>
    <TestList name="Results Not in a List" id="8c84fa94-04c1-424b-9868-57a2d4851a1d" />
    <TestList name="All Loaded Results" id="19431567-8539-422a-85d7-44ee4e166bda" />
  </TestLists>
  <TestEntries>
    <TestEntry testId="e3a2c13b-5190-2e64-74fc-263ee55f1267" executionId="2c3ab65d-5408-4a35-b3a1-2404653c5c3a" testListId="8c84fa94-04c1-424b-9868-57a2d4851a1d" />
  </TestEntries>
  <Results>
    <UnitTestResult executionId="2c3ab65d-5408-4a35-b3a1-2404653c5c3a" testId="e3a2c13b-5190-2e64-74fc-263ee55f1267" testName="TestMethod1" computerName="NATRIUM" duration="00:00:00.0171877" startTime="2011-03-17T15:33:00.1387004+01:00" endTime="2011-03-17T15:33:00.4727338+01:00" testType="13cdc9d9-ddb5-4fa4-a97d-d965ccfc6d4b" outcome="Passed" testListId="8c84fa94-04c1-424b-9868-57a2d4851a1d" relativeResultsDirectory="2c3ab65d-5408-4a35-b3a1-2404653c5c3a">
    </UnitTestResult>
  </Results>
</TestRun>