<?xml version="1.0" encoding="utf-8" standalone="no"?>
<!--This file represents the results of running a test suite-->
<test-results name="C:\Users\weizhe.jiao\Documents\Visual Studio 2010\Projects\WebApp7\WebApp7\bin\WebApp7.dll" total="0" errors="0" failures="0" not-run="0" inconclusive="0" ignored="0" skipped="0" invalid="0" date="2011-03-17" time="14:43:20">
  <environment nunit-version="2.5.9.10348" clr-version="2.0.50727.4952" os-version="Microsoft Windows NT 6.1.7600.0" platform="Win32NT" cwd="C:\Program Files\NUnit 2.5.9\bin\net-2.0" machine-name="NATRIUM" user="weizhe.jiao" user-domain="DIRECTANNONCES" />
  <culture-info current-culture="fr-FR" current-uiculture="fr-FR" />
  <test-suite type="Assembly" name="C:\Users\weizhe.jiao\Documents\Visual Studio 2010\Projects\WebApp7\WebApp7\bin\WebApp7.dll" executed="True" result="Inconclusive" success="False" time="0.001" asserts="0">
    <results>
      <test-suite type="Namespace" name="WebApp7" executed="True" result="Inconclusive" success="False" time="0.001" asserts="0">
        <results>
          <test-suite type="TestFixture" name="GuestBookTest" executed="True" result="Inconclusive" success="False" time="0.000" asserts="0" />
        </results>
      </test-suite>
    </results>
  </test-suite>
</test-results>